<?xml version="1.0" encoding="UTF-8"?>
<testsuite name="JUnit Jupiter" tests="1" skipped="0" failures="0" errors="0" time="0.025" hostname="Alexander" timestamp="2018-02-27T01:42:53">
<properties>
<property name="awt.toolkit" value="sun.awt.X11.XToolkit"/>
<property name="file.encoding" value="UTF-8"/>
<property name="file.encoding.pkg" value="sun.io"/>
<property name="file.separator" value="/"/>
<property name="java.awt.graphicsenv" value="sun.awt.X11GraphicsEnvironment"/>
<property name="java.awt.printerjob" value="sun.print.PSPrinterJob"/>
<property name="java.class.path" value="/home/alexander/Documents/AY/3rdSemester/Java/3rdSemester-Java/InitialTest/build/classes/java/test:/home/alexander/Documents/AY/3rdSemester/Java/3rdSemester-Java/InitialTest/build/resources/test:/home/alexander/Documents/AY/3rdSemester/Java/3rdSemester-Java/InitialTest/build/classes/java/main:/home/alexander/Documents/AY/3rdSemester/Java/3rdSemester-Java/InitialTest/build/resources/main:/home/alexander/.gradle/caches/modules-2/files-2.1/org.jetbrains/annotations/15.0/d40ab99147584cf6cfb5245be67b3fee2c7220f9/annotations-15.0.jar:/home/alexander/.gradle/caches/modules-2/files-2.1/com.google.guava/guava/23.5-jre/e9ce4989adf6092a3dab6152860e93d989e8cf88/guava-23.5-jre.jar:/home/alexander/.gradle/caches/modules-2/files-2.1/org.junit.jupiter/junit-jupiter-engine/5.0.2/e57de973ac81662ec2b9b225df6c882a641fabe6/junit-jupiter-engine-5.0.2.jar:/home/alexander/.gradle/caches/modules-2/files-2.1/org.junit.jupiter/junit-jupiter-api/5.0.2/4024737a023e98dc6c9cbbd89fe0dd83975df65/junit-jupiter-api-5.0.2.jar:/home/alexander/.gradle/caches/modules-2/files-2.1/org.hamcrest/hamcrest-junit/2.0.0.0/221cf2b5aabedf8cd76534996caa21b283ea5d0/hamcrest-junit-2.0.0.0.jar:/home/alexander/.gradle/caches/modules-2/files-2.1/org.junit.vintage/junit-vintage-engine/4.12.2/3ee780f46c5669ba5cf6a70405c49becec6f2cef/junit-vintage-engine-4.12.2.jar:/home/alexander/.gradle/caches/modules-2/files-2.1/junit/junit/4.12/2973d150c0dc1fefe998f834810d68f278ea58ec/junit-4.12.jar:/home/alexander/.gradle/caches/modules-2/files-2.1/org.mockito/mockito-all/2.0.2-beta/3e24f450275812fb354d29a58b66b8f26e13002f/mockito-all-2.0.2-beta.jar:/home/alexander/.gradle/caches/modules-2/files-2.1/org.apache.logging.log4j/log4j-core/2.9.0/52f6548ae1688e126c29b5dc400929dc0128615/log4j-core-2.9.0.jar:/home/alexander/.gradle/caches/modules-2/files-2.1/org.apache.logging.log4j/log4j-jul/2.9.0/42fcf24286676172f2cf4665a6bdf23e1fbf6bae/log4j-jul-2.9.0.jar:/home/alexander/.gradle/caches/modules-2/files-2.1/org.junit.platform/junit-platform-launcher/1.0.2/7cd136827fbfe3e6301b95f0340d654ad54feaa4/junit-platform-launcher-1.0.2.jar:/home/alexander/.gradle/caches/modules-2/files-2.1/com.google.code.findbugs/jsr305/1.3.9/40719ea6961c0cb6afaeb6a921eaa1f6afd4cfdf/jsr305-1.3.9.jar:/home/alexander/.gradle/caches/modules-2/files-2.1/org.checkerframework/checker-qual/2.0.0/518929596ee3249127502a8573b2e008e2d51ed3/checker-qual-2.0.0.jar:/home/alexander/.gradle/caches/modules-2/files-2.1/com.google.errorprone/error_prone_annotations/2.0.18/5f65affce1684999e2f4024983835efc3504012e/error_prone_annotations-2.0.18.jar:/home/alexander/.gradle/caches/modules-2/files-2.1/com.google.j2objc/j2objc-annotations/1.1/ed28ded51a8b1c6b112568def5f4b455e6809019/j2objc-annotations-1.1.jar:/home/alexander/.gradle/caches/modules-2/files-2.1/org.codehaus.mojo/animal-sniffer-annotations/1.14/775b7e22fb10026eed3f86e8dc556dfafe35f2d5/animal-sniffer-annotations-1.14.jar:/home/alexander/.gradle/caches/modules-2/files-2.1/org.junit.platform/junit-platform-engine/1.0.2/ae5d9b8c44d78da636e4e1e00a907fe0fb7bcb8f/junit-platform-engine-1.0.2.jar:/home/alexander/.gradle/caches/modules-2/files-2.1/org.opentest4j/opentest4j/1.0.0/6f09c598e9ff64bf0ce2fa7e7de49a99ba83c0b4/opentest4j-1.0.0.jar:/home/alexander/.gradle/caches/modules-2/files-2.1/org.junit.platform/junit-platform-commons/1.0.2/e348a3a67940694f0718d04f9b0784b3dfb7819b/junit-platform-commons-1.0.2.jar:/home/alexander/.gradle/caches/modules-2/files-2.1/org.hamcrest/hamcrest-core/1.3/42a25dc3219429f0e5d060061f71acb49bf010a0/hamcrest-core-1.3.jar:/home/alexander/.gradle/caches/modules-2/files-2.1/org.hamcrest/java-hamcrest/2.0.0.0/f1c8853ade0ecf707f5a261c830e98893983813/java-hamcrest-2.0.0.0.jar:/home/alexander/.gradle/caches/modules-2/files-2.1/org.apache.logging.log4j/log4j-api/2.9.0/e0dcd508dfc4864a2f5a1963d6ffad170d970375/log4j-api-2.9.0.jar:/home/alexander/.gradle/caches/modules-2/files-2.1/org.junit.platform/junit-platform-console/1.0.2/2bf2cd18040bfe229bad813c7ab150a0f7ea8153/junit-platform-console-1.0.2.jar"/>
<property name="java.class.version" value="53.0"/>
<property name="java.home" value="/usr/lib/jvm/java-9-oracle"/>
<property name="java.io.tmpdir" value="/tmp"/>
<property name="java.library.path" value="/usr/java/packages/lib:/usr/lib64:/lib64:/lib:/usr/lib"/>
<property name="java.runtime.name" value="Java(TM) SE Runtime Environment"/>
<property name="java.runtime.version" value="9.0.4+11"/>
<property name="java.specification.name" value="Java Platform API Specification"/>
<property name="java.specification.vendor" value="Oracle Corporation"/>
<property name="java.specification.version" value="9"/>
<property name="java.util.logging.manager" value="org.apache.logging.log4j.jul.LogManager"/>
<property name="java.vendor" value="Oracle Corporation"/>
<property name="java.vendor.url" value="http://java.oracle.com/"/>
<property name="java.vendor.url.bug" value="http://bugreport.java.com/bugreport/"/>
<property name="java.version" value="9.0.4"/>
<property name="java.vm.compressedOopsMode" value="32-bit"/>
<property name="java.vm.info" value="mixed mode"/>
<property name="java.vm.name" value="Java HotSpot(TM) 64-Bit Server VM"/>
<property name="java.vm.specification.name" value="Java Virtual Machine Specification"/>
<property name="java.vm.specification.vendor" value="Oracle Corporation"/>
<property name="java.vm.specification.version" value="9"/>
<property name="java.vm.vendor" value="Oracle Corporation"/>
<property name="java.vm.version" value="9.0.4+11"/>
<property name="jdk.debug" value="release"/>
<property name="line.separator" value="
"/>
<property name="os.arch" value="amd64"/>
<property name="os.name" value="Linux"/>
<property name="os.version" value="4.4.0-116-generic"/>
<property name="path.separator" value=":"/>
<property name="sun.arch.data.model" value="64"/>
<property name="sun.boot.library.path" value="/usr/lib/jvm/java-9-oracle/lib"/>
<property name="sun.cpu.endian" value="little"/>
<property name="sun.cpu.isalist" value=""/>
<property name="sun.desktop" value="gnome"/>
<property name="sun.io.unicode.encoding" value="UnicodeLittle"/>
<property name="sun.java.command" value="org.junit.platform.console.ConsoleLauncher --details NONE --scan-class-path /home/alexander/Documents/AY/3rdSemester/Java/3rdSemester-Java/InitialTest/build/classes/java/main:/home/alexander/Documents/AY/3rdSemester/Java/3rdSemester-Java/InitialTest/build/resources/main:/home/alexander/Documents/AY/3rdSemester/Java/3rdSemester-Java/InitialTest/build/classes/java/test:/home/alexander/Documents/AY/3rdSemester/Java/3rdSemester-Java/InitialTest/build/resources/test -n ^.*Tests?$ -T slow --reports-dir /home/alexander/Documents/AY/3rdSemester/Java/3rdSemester-Java/InitialTest/build/test-results/junit-platform"/>
<property name="sun.java.launcher" value="SUN_STANDARD"/>
<property name="sun.jnu.encoding" value="UTF-8"/>
<property name="sun.management.compiler" value="HotSpot 64-Bit Tiered Compilers"/>
<property name="sun.os.patch.level" value="unknown"/>
<property name="user.country" value="US"/>
<property name="user.dir" value="/home/alexander/Documents/AY/3rdSemester/Java/3rdSemester-Java/InitialTest"/>
<property name="user.home" value="/home/alexander"/>
<property name="user.language" value="en"/>
<property name="user.name" value="alexander"/>
<property name="user.timezone" value="Europe/Moscow"/>
<property name="user.variant" value=""/>
</properties>
<testcase name="testFoo()" classname="HelloTest" time="0.006">
<system-out><![CDATA[
unique-id: [engine:junit-jupiter]/[class:HelloTest]/[method:testFoo()]
display-name: testFoo()
]]></system-out>
</testcase>
<system-out><![CDATA[
unique-id: [engine:junit-jupiter]
display-name: JUnit Jupiter
]]></system-out>
</testsuite>
